<?xml version="1.0" encoding="UTF-8"?>
<!-- Generated by org.testng.reporters.JUnitXMLReporter -->
<testsuite ignored="1" hostname="DESKTOP-V9K624K" failures="2" tests="2" name="Default test(failed)" time="0.119" errors="0" timestamp="03 Apr 2020 14:46:52 GMT">
  <testcase classname="com.codebine.TestA" name="setdata" time="0.073">
    <failure type="org.openqa.selenium.NoSuchElementException" message="no such element: Unable to locate element: {&amp;quot;method&amp;quot;:&amp;quot;xpath&amp;quot;,&amp;quot;selector&amp;quot;:&amp;quot;(//a[@href=&amp;quot;/gostays/&amp;quot;])[1]&amp;quot;}
  (Session info: chrome=80.0.3987.149)
For documentation on this error, please visit: https://selenium.dev/exceptions/#no_such_element
Build info: version: &amp;apos;4.0.0-alpha-5&amp;apos;, revision: &amp;apos;b3a0d621cc&amp;apos;
System info: host: &amp;apos;DESKTOP-V9K624K&amp;apos;, ip: &amp;apos;192.168.43.83&amp;apos;, os.name: &amp;apos;Windows 10&amp;apos;, os.arch: &amp;apos;amd64&amp;apos;, os.version: &amp;apos;10.0&amp;apos;, java.version: &amp;apos;14&amp;apos;
Driver info: org.openqa.selenium.chrome.ChromeDriver
Capabilities {acceptInsecureCerts: false, browserName: chrome, browserVersion: 80.0.3987.149, chrome: {chromedriverVersion: 80.0.3987.106 (f68069574609..., userDataDir: C:\Users\fidel\AppData\Loca...}, goog:chromeOptions: {debuggerAddress: localhost:25613}, javascriptEnabled: true, networkConnectionEnabled: false, pageLoadStrategy: normal, platform: WINDOWS, platformName: WINDOWS, proxy: Proxy(), setWindowRect: true, strictFileInteractability: false, timeouts: {implicit: 0, pageLoad: 300000, script: 30000}, unhandledPromptBehavior: dismiss and notify}
Session ID: 3c38073a5810204b1f890fcc5990d0ef
*** Element info: {Using=xpath, value=(//a[@href=&amp;quot;/gostays/&amp;quot;])[1]}">
      <![CDATA[org.openqa.selenium.NoSuchElementException: no such element: Unable to locate element: {"method":"xpath","selector":"(//a[@href="/gostays/"])[1]"}
  (Session info: chrome=80.0.3987.149)
For documentation on this error, please visit: https://selenium.dev/exceptions/#no_such_element
Build info: version: '4.0.0-alpha-5', revision: 'b3a0d621cc'
System info: host: 'DESKTOP-V9K624K', ip: '192.168.43.83', os.name: 'Windows 10', os.arch: 'amd64', os.version: '10.0', java.version: '14'
Driver info: org.openqa.selenium.chrome.ChromeDriver
Capabilities {acceptInsecureCerts: false, browserName: chrome, browserVersion: 80.0.3987.149, chrome: {chromedriverVersion: 80.0.3987.106 (f68069574609..., userDataDir: C:\Users\fidel\AppData\Loca...}, goog:chromeOptions: {debuggerAddress: localhost:25613}, javascriptEnabled: true, networkConnectionEnabled: false, pageLoadStrategy: normal, platform: WINDOWS, platformName: WINDOWS, proxy: Proxy(), setWindowRect: true, strictFileInteractability: false, timeouts: {implicit: 0, pageLoad: 300000, script: 30000}, unhandledPromptBehavior: dismiss and notify}
Session ID: 3c38073a5810204b1f890fcc5990d0ef
*** Element info: {Using=xpath, value=(//a[@href="/gostays/"])[1]}
at org.openqa.selenium.remote.codec.w3c.W3CHttpResponseCodec.createException(W3CHttpResponseCodec.java:196)
at org.openqa.selenium.remote.codec.w3c.W3CHttpResponseCodec.decode(W3CHttpResponseCodec.java:129)
at org.openqa.selenium.remote.codec.w3c.W3CHttpResponseCodec.decode(W3CHttpResponseCodec.java:53)
at org.openqa.selenium.remote.HttpCommandExecutor.execute(HttpCommandExecutor.java:161)
at org.openqa.selenium.remote.service.DriverCommandExecutor.execute(DriverCommandExecutor.java:83)
at org.openqa.selenium.remote.RemoteWebDriver.execute(RemoteWebDriver.java:582)
at org.openqa.selenium.remote.RemoteWebDriver.findElement(RemoteWebDriver.java:333)
at org.openqa.selenium.remote.RemoteWebDriver.findElementByXPath(RemoteWebDriver.java:451)
at org.openqa.selenium.By$ByXPath.findElement(By.java:394)
at org.openqa.selenium.remote.RemoteWebDriver.findElement(RemoteWebDriver.java:325)
at com.codebine.TestA.setdata(TestA.java:41)
... Removed 30 stack frames]]>
    </failure>
  </testcase> <!-- setdata -->
  <testcase classname="com.codebine.TestA" name="gethoteldetails" time="0.003">
    <failure type="java.lang.Error" message="Unresolved compilation problem: 
	The type List is not generic; it cannot be parameterized with arguments &amp;lt;WebElement&amp;gt;
">
      <![CDATA[java.lang.Error: Unresolved compilation problem: 
The type List is not generic; it cannot be parameterized with arguments <WebElement>

at com.codebine.TestA.gethoteldetails(TestA.java:87)
... Removed 25 stack frames]]>
    </failure>
  </testcase> <!-- gethoteldetails -->
  <testcase classname="com.codebine.TestA" name="enterurl" time="0.0">
    <ignored/>
  </testcase> <!-- enterurl -->
</testsuite> <!-- Default test(failed) -->
